2024-01-29 12:01:01 | user123 | Success
2024-01-29 12:02:15 | admin456 | Failure
2024-01-29 12:03:30 | guest789 | Success
2024-01-29 12:04:45 | user123 | Failure
2024-01-29 12:05:59 | john_doe | Success
2024-01-29 12:07:12 | admin456 | Failure
2024-01-29 12:08:26 | guest789 | Success
2024-01-29 12:09:40 | user123 | Failure
2024-01-29 12:10:54 | john_doe | Success
2024-01-29 12:12:08 | admin456 | Failure
2024-01-29 12:13:22 | guest789 | Success
2024-01-29 12:14:36 | user123 | Success
2024-01-29 12:15:50 | john_doe | Failure
2024-01-29 12:17:04 | admin456 | Success
2024-01-29 12:18:18 | guest789 | Failure
2024-01-29 12:19:32 | user123 | Success
2024-01-29 12:20:46 | john_doe | Failure
2024-01-29 12:22:00 | admin456 | Success
2024-01-29 12:23:14 | guest789 | Failure
2024-01-29 12:24:28 | user123 | Success
2024-01-29 12:25:42 | john_doe | Failure
2024-01-29 12:26:56 | admin456 | Success
2024-01-29 12:28:10 | guest789 | Failure
2024-01-29 12:29:24 | user123 | Success
2024-01-29 12:30:38 | john_doe | Failure
2024-01-29 12:31:52 | admin456 | Success
2024-01-29 12:33:06 | guest789 | Failure
2024-01-29 12:34:20 | user123 | Success
2024-01-29 12:35:34 | john_doe | Failure
2024-01-29 12:36:48 | admin456 | Success
2024-01-29 12:38:02 | guest789 | Failure
2024-01-29 12:39:16 | user123 | Success
2024-01-29 12:40:30 | john_doe | Failure
2024-01-29 12:41:44 | admin456 | Success
2024-01-29 12:42:58 | guest789 | Failure
2024-01-29 12:44:12 | user123 | Success
2024-01-29 12:45:26 | john_doe | Failure
2024-01-29 12:46:40 | admin456 | Success
2024-01-29 12:47:54 | guest789 | Failure
2024-01-29 12:49:08 | user123 | Success
2024-01-29 12:50:22 | john_doe | Failure
2024-01-29 12:51:36 | admin456 | Success
2024-01-29 12:52:50 | guest789 | Failure
2024-01-29 12:54:04 | user123 | Success
2024-01-29 12:55:18 | john_doe | Failure
2024-01-29 12:56:32 | admin456 | Success
2024-01-29 12:57:46 | guest789 | Failure
2024-01-29 12:59:00 | user123 | Success
